This is XeTeX, Version 3.141592653-2.6-0.999994 (MiKTeX 22.3) (preloaded format=xelatex 2022.3.24)  15 APR 2022 22:03
entering extended mode
 restricted \write18 enabled.
 %&-line parsing enabled.
**./media/Tex/a1e164a00b2dcf04.tex
(media/Tex/a1e164a00b2dcf04.tex
LaTeX2e <2021-11-15> patch level 1
L3 programming layer <2022-02-24> (D:\Miktex\tex/latex/standalone\standalone.cl
s
Document Class: standalone 2018/03/26 v1.3a Class to compile TeX sub-files stan
dalone
(D:\Miktex\tex/latex/tools\shellesc.sty
Package: shellesc 2019/11/08 v1.0c unified shell escape interface for LaTeX
Package shellesc Info: Restricted shell escape enabled on input line 77.
) (D:\Miktex\tex/generic/iftex\ifluatex.sty
Package: ifluatex 2019/10/25 v1.5 ifluatex legacy package. Use iftex instead.
(D:\Miktex\tex/generic/iftex\iftex.sty
Package: iftex 2022/02/03 v1.0f TeX engine tests
)) (D:\Miktex\tex/latex/xkeyval\xkeyval.sty
Package: xkeyval 2020/11/20 v2.8 package option processing (HA)
(D:\Miktex\tex/generic/xkeyval\xkeyval.tex (D:\Miktex\tex/generic/xkeyval\xkvut
ils.tex
\XKV@toks=\toks16
\XKV@tempa@toks=\toks17
(D:\Miktex\tex/generic/xkeyval\keyval.tex))
\XKV@depth=\count181
File: xkeyval.tex 2014/12/03 v2.7a key=value parser (HA)
))
\sa@internal=\count182
\c@sapage=\count183
(D:\Miktex\tex/latex/standalone\standalone.cfg
File: standalone.cfg 2018/03/26 v1.3a Default configuration file for 'standalon
e' class
) (D:\Miktex\tex/latex/base\article.cls
Document Class: article 2021/10/04 v1.4n Standard LaTeX document class
(D:\Miktex\tex/latex/base\size10.clo
File: size10.clo 2021/10/04 v1.4n Standard LaTeX file (size option)
)
\c@part=\count184
\c@section=\count185
\c@subsection=\count186
\c@subsubsection=\count187
\c@paragraph=\count188
\c@subparagraph=\count189
\c@figure=\count190
\c@table=\count191
\abovecaptionskip=\skip47
\belowcaptionskip=\skip48
\bibindent=\dimen138
) (D:\Miktex\tex/latex/preview\preview.sty
Package: preview 2017/04/24 13.1 (AUCTeX/preview-latex)
(D:\Miktex\tex/latex/luatex85\luatex85.sty
Package: luatex85 2016/06/15 v1.4 pdftex aliases for luatex
) (D:\Miktex\tex/latex/preview\prtightpage.def
\PreviewBorder=\dimen139
)
\pr@snippet=\count192
\pr@box=\box50
\pr@output=\toks18
)) (D:\Miktex\tex/generic/babel\babel.sty
Package: babel 2022/02/26 3.73 The Babel package
\babel@savecnt=\count193
\U@D=\dimen140
\l@unhyphenated=\language79
(D:\Miktex\tex/generic/babel\xebabel.def (D:\Miktex\tex/generic/babel\txtbabel.
def))
\bbl@readstream=\read2
\bbl@dirlevel=\count194
*************************************
* Local config file bblopts.cfg used
*
(D:\Miktex\tex/latex/arabi\bblopts.cfg
File: bblopts.cfg 2005/09/08 v0.1 add Arabic and Farsi to "declared" options of
 babel
) (D:\Miktex\tex/latex/babel-english\english.ldf
Language: english 2017/06/06 v3.3r English support from the babel system
Package babel Info: Hyphen rules for 'canadian' set to \l@english
(babel)             (\language0). Reported on input line 102.
Package babel Info: Hyphen rules for 'australian' set to \l@ukenglish
(babel)             (\language73). Reported on input line 105.
Package babel Info: Hyphen rules for 'newzealand' set to \l@ukenglish
(babel)             (\language73). Reported on input line 108.
)) (D:\Miktex\tex/latex/base\inputenc.sty
Package: inputenc 2021/02/14 v1.3d Input encoding file
\inpenc@prehook=\toks19
\inpenc@posthook=\toks20

Package inputenc Warning: inputenc package ignored with utf8 based engines.

) (D:\Miktex\tex/latex/base\fontenc.sty
Package: fontenc 2021/04/29 v2.0v Standard LaTeX package
LaTeX Font Info:    Trying to load font information for T1+lmr on input line 11
2.
(D:\Miktex\tex/latex/lm\t1lmr.fd
File: t1lmr.fd 2009/10/30 v1.6 Font defs for Latin Modern
)) (D:\Miktex\tex/latex/lm\lmodern.sty
Package: lmodern 2009/10/30 v1.6 Latin Modern Fonts
LaTeX Font Info:    Overwriting symbol font `operators' in version `normal'
(Font)                  OT1/cmr/m/n --> OT1/lmr/m/n on input line 22.
LaTeX Font Info:    Overwriting symbol font `letters' in version `normal'
(Font)                  OML/cmm/m/it --> OML/lmm/m/it on input line 23.
LaTeX Font Info:    Overwriting symbol font `symbols' in version `normal'
(Font)                  OMS/cmsy/m/n --> OMS/lmsy/m/n on input line 24.
LaTeX Font Info:    Overwriting symbol font `largesymbols' in version `normal'
(Font)                  OMX/cmex/m/n --> OMX/lmex/m/n on input line 25.
LaTeX Font Info:    Overwriting symbol font `operators' in version `bold'
(Font)                  OT1/cmr/bx/n --> OT1/lmr/bx/n on input line 26.
LaTeX Font Info:    Overwriting symbol font `letters' in version `bold'
(Font)                  OML/cmm/b/it --> OML/lmm/b/it on input line 27.
LaTeX Font Info:    Overwriting symbol font `symbols' in version `bold'
(Font)                  OMS/cmsy/b/n --> OMS/lmsy/b/n on input line 28.
LaTeX Font Info:    Overwriting symbol font `largesymbols' in version `bold'
(Font)                  OMX/cmex/m/n --> OMX/lmex/m/n on input line 29.
LaTeX Font Info:    Overwriting math alphabet `\mathbf' in version `normal'
(Font)                  OT1/cmr/bx/n --> OT1/lmr/bx/n on input line 31.
LaTeX Font Info:    Overwriting math alphabet `\mathsf' in version `normal'
(Font)                  OT1/cmss/m/n --> OT1/lmss/m/n on input line 32.
LaTeX Font Info:    Overwriting math alphabet `\mathit' in version `normal'
(Font)                  OT1/cmr/m/it --> OT1/lmr/m/it on input line 33.
LaTeX Font Info:    Overwriting math alphabet `\mathtt' in version `normal'
(Font)                  OT1/cmtt/m/n --> OT1/lmtt/m/n on input line 34.
LaTeX Font Info:    Overwriting math alphabet `\mathbf' in version `bold'
(Font)                  OT1/cmr/bx/n --> OT1/lmr/bx/n on input line 35.
LaTeX Font Info:    Overwriting math alphabet `\mathsf' in version `bold'
(Font)                  OT1/cmss/bx/n --> OT1/lmss/bx/n on input line 36.
LaTeX Font Info:    Overwriting math alphabet `\mathit' in version `bold'
(Font)                  OT1/cmr/bx/it --> OT1/lmr/bx/it on input line 37.
LaTeX Font Info:    Overwriting math alphabet `\mathtt' in version `bold'
(Font)                  OT1/cmtt/m/n --> OT1/lmtt/m/n on input line 38.
) (D:\Miktex\tex/latex/amsmath\amsmath.sty
Package: amsmath 2021/10/15 v2.17l AMS math features
\@mathmargin=\skip49
For additional information on amsmath, use the `?' option.
(D:\Miktex\tex/latex/amsmath\amstext.sty
Package: amstext 2021/08/26 v2.01 AMS text
(D:\Miktex\tex/latex/amsmath\amsgen.sty
File: amsgen.sty 1999/11/30 v2.0 generic functions
\@emptytoks=\toks21
\ex@=\dimen141
)) (D:\Miktex\tex/latex/amsmath\amsbsy.sty
Package: amsbsy 1999/11/29 v1.2d Bold Symbols
\pmbraise@=\dimen142
) (D:\Miktex\tex/latex/amsmath\amsopn.sty
Package: amsopn 2021/08/26 v2.02 operator names
)
\inf@bad=\count195
LaTeX Info: Redefining \frac on input line 234.
\uproot@=\count196
\leftroot@=\count197
LaTeX Info: Redefining \overline on input line 399.
\classnum@=\count198
\DOTSCASE@=\count199
LaTeX Info: Redefining \ldots on input line 496.
LaTeX Info: Redefining \dots on input line 499.
LaTeX Info: Redefining \cdots on input line 620.
\Mathstrutbox@=\box51
\strutbox@=\box52
\big@size=\dimen143
LaTeX Font Info:    Redeclaring font encoding OML on input line 743.
LaTeX Font Info:    Redeclaring font encoding OMS on input line 744.
\macc@depth=\count266
\c@MaxMatrixCols=\count267
\dotsspace@=\muskip16
\c@parentequation=\count268
\dspbrk@lvl=\count269
\tag@help=\toks22
\row@=\count270
\column@=\count271
\maxfields@=\count272
\andhelp@=\toks23
\eqnshift@=\dimen144
\alignsep@=\dimen145
\tagshift@=\dimen146
\tagwidth@=\dimen147
\totwidth@=\dimen148
\lineht@=\dimen149
\@envbody=\toks24
\multlinegap=\skip50
\multlinetaggap=\skip51
\mathdisplay@stack=\toks25
LaTeX Info: Redefining \[ on input line 2938.
LaTeX Info: Redefining \] on input line 2939.
) (D:\Miktex\tex/latex/amsfonts\amssymb.sty
Package: amssymb 2013/01/14 v3.01 AMS font symbols
(D:\Miktex\tex/latex/amsfonts\amsfonts.sty
Package: amsfonts 2013/01/14 v3.01 Basic AMSFonts support
\symAMSa=\mathgroup4
\symAMSb=\mathgroup5
LaTeX Font Info:    Redeclaring math symbol \hbar on input line 98.
LaTeX Font Info:    Overwriting math alphabet `\mathfrak' in version `bold'
(Font)                  U/euf/m/n --> U/euf/b/n on input line 106.
)) (D:\Miktex\tex/latex/doublestroke\dsfont.sty
Package: dsfont 1995/08/01 v0.1 Double stroke roman fonts
) (D:\Miktex\tex/latex/setspace\setspace.sty
Package: setspace 2011/12/19 v6.7a set line spacing
) (D:\Miktex\tex/latex/tipa\tipa.sty
Package: tipa 2002/08/08 TIPA version 1.1
(D:\Miktex\tex/latex/base\fontenc.sty
Package: fontenc 2021/04/29 v2.0v Standard LaTeX package
(D:\Miktex\tex/latex/tipa\t3enc.def
File: t3enc.def 2001/12/31 T3 encoding
LaTeX Font Info:    Trying to load font information for T1+lmss on input line 3
57.
(D:\Miktex\tex/latex/lm\t1lmss.fd
File: t1lmss.fd 2009/10/30 v1.6 Font defs for Latin Modern
)))) (D:\Miktex\tex/latex/relsize\relsize.sty
Package: relsize 2013/03/29 ver 4.1
) (D:\Miktex\tex/latex/base\textcomp.sty
Package: textcomp 2020/02/02 v2.0n Standard LaTeX package
) (D:\Miktex\tex/latex/jknappen\mathrsfs.sty
Package: mathrsfs 1996/01/01 Math RSFS package v1.0 (jk)
\symrsfs=\mathgroup6
) (D:\Miktex\tex/latex/fundus-calligra\calligra.sty
Package: calligra 2012/04/10 v1.9 LaTeX package calligra
) (D:\Miktex\tex/latex/wasysym\wasysym.sty
Package: wasysym 2020/01/19 v2.4 Wasy-2 symbol support package
\symwasy=\mathgroup7
LaTeX Font Info:    Overwriting symbol font `wasy' in version `bold'
(Font)                  U/wasy/m/n --> U/wasy/b/n on input line 93.
) (D:\Miktex\tex/latex/ragged2e\ragged2e.sty
Package: ragged2e 2021/12/15 v3.1 ragged2e Package
\CenteringLeftskip=\skip52
\RaggedLeftLeftskip=\skip53
\RaggedRightLeftskip=\skip54
\CenteringRightskip=\skip55
\RaggedLeftRightskip=\skip56
\RaggedRightRightskip=\skip57
\CenteringParfillskip=\skip58
\RaggedLeftParfillskip=\skip59
\RaggedRightParfillskip=\skip60
\JustifyingParfillskip=\skip61
\CenteringParindent=\skip62
\RaggedLeftParindent=\skip63
\RaggedRightParindent=\skip64
\JustifyingParindent=\skip65
) (D:\Miktex\tex/latex/physics\physics.sty
Package: physics 
(D:\Miktex\tex/latex/l3packages/xparse\xparse.sty (D:\Miktex\tex/latex/l3kernel
\expl3.sty
Package: expl3 2022-02-24 L3 programming layer (loader) 
(D:\Miktex\tex/latex/l3backend\l3backend-xetex.def
File: l3backend-xetex.def 2022-02-07 L3 backend support: XeTeX
()
\c__kernel_sys_dvipdfmx_version_int=\count273
\l__color_backend_stack_int=\count274
\g__color_backend_stack_int=\count275
\g__graphics_track_int=\count276
\l__pdf_internal_box=\box53
\g__pdf_backend_object_int=\count277
\g__pdf_backend_annotation_int=\count278
\g__pdf_backend_link_int=\count279
))
Package: xparse 2022-01-12 L3 Experimental document command parser
)) (D:\Miktex\tex/latex/xcolor\xcolor.sty
Package: xcolor 2021/10/31 v2.13 LaTeX color extensions (UK)
(D:\Miktex\tex/latex/graphics-cfg\color.cfg
File: color.cfg 2016/01/02 v1.6 sample color configuration
)
Package xcolor Info: Driver file: xetex.def on input line 227.
(D:\Miktex\tex/latex/graphics-def\xetex.def
File: xetex.def 2021/03/18 v5.0k Graphics/color driver for xetex
)
Package xcolor Info: Model `cmy' substituted by `cmy0' on input line 1352.
Package xcolor Info: Model `RGB' extended on input line 1368.
Package xcolor Info: Model `HTML' substituted by `rgb' on input line 1370.
Package xcolor Info: Model `Hsb' substituted by `hsb' on input line 1371.
Package xcolor Info: Model `tHsb' substituted by `hsb' on input line 1372.
Package xcolor Info: Model `HSB' substituted by `hsb' on input line 1373.
Package xcolor Info: Model `Gray' substituted by `gray' on input line 1374.
Package xcolor Info: Model `wave' substituted by `hsb' on input line 1375.
) (D:\Miktex\tex/latex/microtype\microtype.sty
Package: microtype 2022/03/14 v3.0d Micro-typographical refinements (RS)
(D:\Miktex\tex/latex/etoolbox\etoolbox.sty
Package: etoolbox 2020/10/05 v2.5k e-TeX tools for LaTeX (JAW)
\etb@tempcnta=\count280
)
\MT@toks=\toks26
\MT@tempbox=\box54
\MT@count=\count281
LaTeX Info: Redefining \noprotrusionifhmode on input line 1027.
LaTeX Info: Redefining \leftprotrusion on input line 1028.
LaTeX Info: Redefining \rightprotrusion on input line 1036.
LaTeX Info: Redefining \textls on input line 1195.
\MT@outer@kern=\dimen150
LaTeX Info: Redefining \textmicrotypecontext on input line 1781.
\MT@listname@count=\count282
(D:\Miktex\tex/latex/microtype\microtype-xetex.def
File: microtype-xetex.def 2022/03/14 v3.0d Definitions specific to xetex (RS)
LaTeX Info: Redefining \lsstyle on input line 236.
)
Package microtype Info: Loading configuration file microtype.cfg.
(D:\Miktex\tex/latex/microtype\microtype.cfg
File: microtype.cfg 2022/03/14 v3.0d microtype main configuration file (RS)
)) (D:\Miktex\tex/latex/ctex\ctex.sty
Package: ctex 2021/12/12 v2.5.8 Chinese adapter in LaTeX (CTEX)
(D:\Miktex\tex/latex/l3packages/l3keys2e\l3keys2e.sty
Package: l3keys2e 2022-01-12 LaTeX2e option processing using LaTeX3 keys
) (D:\Miktex\tex/latex/ctex\ctexhook.sty
Package: ctexhook 2021/12/12 v2.5.8 Document and package hooks (CTEX)
) (D:\Miktex\tex/latex/ctex\ctexpatch.sty
Package: ctexpatch 2021/12/12 v2.5.8 Patching commands (CTEX)
) (D:\Miktex\tex/latex/base\fix-cm.sty
Package: fix-cm 2020/11/24 v1.1t fixes to LaTeX
(D:\Miktex\tex/latex/base\ts1enc.def
File: ts1enc.def 2001/06/05 v3.0e (jk/car/fm) Standard LaTeX file
LaTeX Font Info:    Redeclaring font encoding TS1 on input line 47.
))
\l__ctex_tmp_int=\count283
\l__ctex_tmp_box=\box55
\l__ctex_tmp_dim=\dimen151
\g__ctex_section_depth_int=\count284
\g__ctex_font_size_int=\count285
(D:\Miktex\tex/latex/ctex/config\ctexopts.cfg
File: ctexopts.cfg 2021/12/12 v2.5.8 Option configuration file (CTEX)
) (D:\Miktex\tex/latex/ctex/engine\ctex-engine-xetex.def
File: ctex-engine-xetex.def 2021/12/12 v2.5.8 XeLaTeX adapter (CTEX)
(D:\Miktex\tex/xelatex/xecjk\xeCJK.sty
Package: xeCJK 2021/12/12 v3.8.8 Typesetting CJK scripts with XeLaTeX
(D:\Miktex\tex/latex/l3packages/xtemplate\xtemplate.sty
Package: xtemplate 2022-01-12 L3 Experimental prototype document functions
\l__xtemplate_tmp_dim=\dimen152
\l__xtemplate_tmp_int=\count286
\l__xtemplate_tmp_muskip=\muskip17
\l__xtemplate_tmp_skip=\skip66
)
\l__xeCJK_tmp_int=\count287
\l__xeCJK_tmp_box=\box56
\l__xeCJK_tmp_dim=\dimen153
\l__xeCJK_tmp_skip=\skip67
\g__xeCJK_space_factor_int=\count288
\l__xeCJK_begin_int=\count289
\l__xeCJK_end_int=\count290
\c__xeCJK_CJK_class_int=\XeTeXcharclass1
\c__xeCJK_FullLeft_class_int=\XeTeXcharclass2
\c__xeCJK_FullRight_class_int=\XeTeXcharclass3
\c__xeCJK_HalfLeft_class_int=\XeTeXcharclass4
\c__xeCJK_HalfRight_class_int=\XeTeXcharclass5
\c__xeCJK_NormalSpace_class_int=\XeTeXcharclass6
\c__xeCJK_CM_class_int=\XeTeXcharclass7
\c__xeCJK_HangulJamo_class_int=\XeTeXcharclass8
\l__xeCJK_last_skip=\skip68
\g__xeCJK_node_int=\count291
\c__xeCJK_CJK_node_dim=\dimen154
\c__xeCJK_CJK-space_node_dim=\dimen155
\c__xeCJK_default_node_dim=\dimen156
\c__xeCJK_default-space_node_dim=\dimen157
\c__xeCJK_CJK-widow_node_dim=\dimen158
\c__xeCJK_normalspace_node_dim=\dimen159
\l__xeCJK_ccglue_skip=\skip69
\l__xeCJK_ecglue_skip=\skip70
\l__xeCJK_punct_kern_skip=\skip71
\l__xeCJK_last_penalty_int=\count292
\l__xeCJK_last_bound_dim=\dimen160
\l__xeCJK_last_kern_dim=\dimen161
\l__xeCJK_widow_penalty_int=\count293

Package xtemplate Info: Declaring object type 'xeCJK/punctuation' taking 0
(xtemplate)             argument(s) on line 2337.

\l__xeCJK_fixed_punct_width_dim=\dimen162
\l__xeCJK_mixed_punct_width_dim=\dimen163
\l__xeCJK_middle_punct_width_dim=\dimen164
\l__xeCJK_fixed_margin_width_dim=\dimen165
\l__xeCJK_mixed_margin_width_dim=\dimen166
\l__xeCJK_middle_margin_width_dim=\dimen167
\l__xeCJK_bound_punct_width_dim=\dimen168
\l__xeCJK_bound_margin_width_dim=\dimen169
\l__xeCJK_margin_minimum_dim=\dimen170
\l__xeCJK_kerning_total_width_dim=\dimen171
\l__xeCJK_same_align_margin_dim=\dimen172
\l__xeCJK_different_align_margin_dim=\dimen173
\l__xeCJK_kerning_margin_width_dim=\dimen174
\l__xeCJK_kerning_margin_minimum_dim=\dimen175
\l__xeCJK_bound_dim=\dimen176
\l__xeCJK_reverse_bound_dim=\dimen177
\l__xeCJK_margin_dim=\dimen178
\l__xeCJK_minimum_bound_dim=\dimen179
\l__xeCJK_kerning_margin_dim=\dimen180
\g__xeCJK_family_int=\count294
\l__xeCJK_fam_int=\count295
\g__xeCJK_fam_allocation_int=\count296
\l__xeCJK_verb_case_int=\count297
\l__xeCJK_verb_exspace_skip=\skip72
(D:\Miktex\tex/latex/fontspec\fontspec.sty
Package: fontspec 2022/01/15 v2.8a Font selection for XeLaTeX and LuaLaTeX
(D:\Miktex\tex/latex/fontspec\fontspec-xetex.sty
Package: fontspec-xetex 2022/01/15 v2.8a Font selection for XeLaTeX and LuaLaTe
X
\l__fontspec_script_int=\count298
\l__fontspec_language_int=\count299
\l__fontspec_strnum_int=\count300
\l__fontspec_tmp_int=\count301
\l__fontspec_tmpa_int=\count302
\l__fontspec_tmpb_int=\count303
\l__fontspec_tmpc_int=\count304
\l__fontspec_em_int=\count305
\l__fontspec_emdef_int=\count306
\l__fontspec_strong_int=\count307
\l__fontspec_strongdef_int=\count308
\l__fontspec_tmpa_dim=\dimen181
\l__fontspec_tmpb_dim=\dimen182
\l__fontspec_tmpc_dim=\dimen183
(D:\Miktex\tex/latex/base\fontenc.sty
Package: fontenc 2021/04/29 v2.0v Standard LaTeX package
) (D:\Miktex\tex/latex/fontspec\fontspec.cfg))) (D:\Miktex\tex/xelatex/xecjk\xe
CJK.cfg
File: xeCJK.cfg 2021/12/12 v3.8.8 Configuration file for xeCJK package
))
\ccwd=\dimen184
\l__ctex_ccglue_skip=\skip73
)
\l__ctex_ziju_dim=\dimen185
(D:\Miktex\tex/latex/zhnumber\zhnumber.sty
Package: zhnumber 2020/05/01 v2.8 Typesetting numbers with Chinese glyphs
\l__zhnum_scale_int=\count309
(D:\Miktex\tex/latex/zhnumber\zhnumber-utf8.cfg
File: zhnumber-utf8.cfg 2020/05/01 v2.8 Chinese numerals with UTF8 encoding
)) (D:\Miktex\tex/latex/ctex/scheme\ctex-scheme-chinese.def
File: ctex-scheme-chinese.def 2021/12/12 v2.5.8 Chinese scheme for generic (CTE
X)
(D:\Miktex\tex/latex/ctex/config\ctex-name-utf8.cfg
File: ctex-name-utf8.cfg 2021/12/12 v2.5.8 Caption with encoding UTF-8 (CTEX)
)) (D:\Miktex\tex/latex/tools\indentfirst.sty
Package: indentfirst 1995/11/23 v1.03 Indent first paragraph (DPC)
) (D:\Miktex\tex/latex/ctex\ctex-c5size.clo
File: ctex-c5size.clo 2021/12/12 v2.5.8 c5size option (CTEX)
) (D:\Miktex\tex/latex/ctex/fontset\ctex-fontset-windows.def
File: ctex-fontset-windows.def 2021/12/12 v2.5.8 Windows fonts definition (CTEX
)

Package fontspec Info: Could not resolve font "KaiTi/B" (it probably doesn't
(fontspec)             exist).


Package fontspec Info: Could not resolve font "SimHei/I" (it probably doesn't
(fontspec)             exist).


Package fontspec Info: Could not resolve font "SimSun/BI" (it probably doesn't
(fontspec)             exist).


Package fontspec Info: Font family 'SimSun(0)' created for font 'SimSun' with
(fontspec)             options
(fontspec)             [Script={CJK},BoldFont={SimHei},ItalicFont={KaiTi}].
(fontspec)              
(fontspec)              This font family consists of the following NFSS
(fontspec)             series/shapes:
(fontspec)              
(fontspec)             - 'normal' (m/n) with NFSS spec.:
(fontspec)             <->"SimSun/OT:script=hani;language=dflt;"
(fontspec)             - 'small caps'  (m/sc) with NFSS spec.: 
(fontspec)             - 'bold' (b/n) with NFSS spec.:
(fontspec)             <->"SimHei/OT:script=hani;language=dflt;"
(fontspec)             - 'bold small caps'  (b/sc) with NFSS spec.: 
(fontspec)             - 'italic' (m/it) with NFSS spec.:
(fontspec)             <->"KaiTi/OT:script=hani;language=dflt;"
(fontspec)             - 'italic small caps'  (m/scit) with NFSS spec.: 

)) (D:\Miktex\tex/latex/ctex/config\ctex.cfg
File: ctex.cfg 2021/12/12 v2.5.8 Configuration file (CTEX)
)
No file a1e164a00b2dcf04.aux.
\openout1 = `a1e164a00b2dcf04.aux'.

LaTeX Font Info:    Checking defaults for OML/cmm/m/it on input line 24.
LaTeX Font Info:    ... okay on input line 24.
LaTeX Font Info:    Checking defaults for OMS/cmsy/m/n on input line 24.
LaTeX Font Info:    ... okay on input line 24.
LaTeX Font Info:    Checking defaults for OT1/cmr/m/n on input line 24.
LaTeX Font Info:    ... okay on input line 24.
LaTeX Font Info:    Checking defaults for T1/cmr/m/n on input line 24.
LaTeX Font Info:    ... okay on input line 24.
LaTeX Font Info:    Checking defaults for TS1/cmr/m/n on input line 24.
LaTeX Font Info:    ... okay on input line 24.
LaTeX Font Info:    Checking defaults for TU/lmr/m/n on input line 24.
LaTeX Font Info:    ... okay on input line 24.
LaTeX Font Info:    Checking defaults for OMX/cmex/m/n on input line 24.
LaTeX Font Info:    ... okay on input line 24.
LaTeX Font Info:    Checking defaults for U/cmr/m/n on input line 24.
LaTeX Font Info:    ... okay on input line 24.
LaTeX Font Info:    Checking defaults for T3/cmr/m/n on input line 24.
LaTeX Font Info:    Trying to load font information for T3+cmr on input line 24
.
(D:\Miktex\tex/latex/tipa\t3cmr.fd
File: t3cmr.fd 2001/12/31 TIPA font definitions
)
LaTeX Font Info:    ... okay on input line 24.
Preview: Fontsize 10.53937pt
Preview: PDFoutput 1
LaTeX Info: Redefining \microtypecontext on input line 24.
Package microtype Info: Applying patch `item' on input line 24.
Package microtype Info: Applying patch `toc' on input line 24.
Package microtype Info: Applying patch `eqnum' on input line 24.
Package microtype Info: Applying patch `footnote' on input line 24.
Package microtype Info: Character protrusion enabled (level 2).
Package microtype Info: Using default protrusion set `alltext'.
Package microtype Info: No adjustment of tracking.
Package microtype Info: No adjustment of spacing.
Package microtype Info: No adjustment of kerning.
(D:\Miktex\tex/latex/microtype\mt-cmr.cfg
File: mt-cmr.cfg 2013/05/19 v2.2 microtype config. file: Computer Modern Roman 
(RS)
)
Package microtype Info: Loading generic protrusion settings for font family
(microtype)             `lmr' (encoding: TU).
(microtype)             For optimal results, create family-specific settings.
(microtype)             See the microtype manual for details.
Preview: Tightpage 0 0 0 0
[1] (D:\PythonSource\ManimCourse\media\Tex\a1e164a00b2dcf04.aux) ) 
Here is how much of TeX's memory you used:
 13192 strings out of 410967
 282111 string characters out of 2830858
 659360 words of memory out of 3000000
 33760 multiletter control sequences out of 15000+600000
 487056 words of font info for 49 fonts, out of 8000000 for 9000
 1348 hyphenation exceptions out of 8191
 101i,2n,98p,1025b,276s stack positions out of 10000i,1000n,20000p,200000b,80000s

Output written on D:\PythonSource\ManimCourse\media\Tex\a1e164a00b2dcf04.xdv (1
 page, 908 bytes).
